0 info it worked if it ends with ok
1 verbose cli [ '/Users/hello/.nvm/v0.10.33/bin/node',
1 verbose cli   '/Users/hello/.nvm/v0.10.33/bin/npm',
1 verbose cli   'uninstall',
1 verbose cli   'node-mandrill',
1 verbose cli   '--save' ]
2 info using npm@1.4.28
3 info using node@v0.10.33
4 verbose node_modules/node-mandrill unbuild
5 info preuninstall node-mandrill@1.0.1
6 info uninstall node-mandrill@1.0.1
7 verbose true,/Users/hello/MediaFire/dev/imagify/node_modules,/Users/hello/MediaFire/dev/imagify/node_modules unbuild node-mandrill@1.0.1
8 info postuninstall node-mandrill@1.0.1
9 error Error: EACCES, unlink '/Users/hello/MediaFire/dev/imagify/node_modules/node-mandrill/node_modules/request/node_modules/.bin/har-validator'
9 error  { [Error: EACCES, unlink '/Users/hello/MediaFire/dev/imagify/node_modules/node-mandrill/node_modules/request/node_modules/.bin/har-validator']
9 error   errno: 3,
9 error   code: 'EACCES',
9 error   path: '/Users/hello/MediaFire/dev/imagify/node_modules/node-mandrill/node_modules/request/node_modules/.bin/har-validator' }
10 error Please try running this command again as root/Administrator.
11 error System Darwin 14.4.0
12 error command "/Users/hello/.nvm/v0.10.33/bin/node" "/Users/hello/.nvm/v0.10.33/bin/npm" "uninstall" "node-mandrill" "--save"
13 error cwd /Users/hello/MediaFire/dev/imagify
14 error node -v v0.10.33
15 error npm -v 1.4.28
16 error path /Users/hello/MediaFire/dev/imagify/node_modules/node-mandrill/node_modules/request/node_modules/.bin/har-validator
17 error code EACCES
18 error errno 3
19 error stack Error: EACCES, unlink '/Users/hello/MediaFire/dev/imagify/node_modules/node-mandrill/node_modules/request/node_modules/.bin/har-validator'
20 verbose exit [ 3, true ]
